<?xml version="1.0" encoding="UTF-8"?>
<!-- Generated by org.testng.reporters.JUnitReportReporter -->
<testsuite hostname="CHE-CK8S8Y2" failures="0" tests="1" name="testScripts.TestCase1" time="16.100" errors="0" timestamp="2020-07-07T16:22:15 IST" skipped="0">
  <testcase classname="testScripts.TestCase1" name="verifyPatientRecord" time="16.100"/>
  <system-out>
Step 1: Application is logged in successfully Step 2: Navigated to Care Page successfully Step 3: Branch is selected successfully Step 4: Patient Name is verified Successfully  </system-out>
</testsuite> <!-- testScripts.TestCase1 -->
