<?xml version="1.0" encoding="UTF-8"?>
<!-- Generated by org.testng.reporters.JUnitReportReporter -->
<testsuite hostname="CHE-CK8S8Y2" failures="0" tests="1" name="testScripts.TestCase2" time="15.985" errors="0" timestamp="2020-07-08T00:59:18 IST" skipped="0">
  <testcase classname="testScripts.TestCase2" name="verifyPageScroll" time="15.985"/>
  <system-out>
Step 1: Application is logged in successfully Step 2: Navigated to Care Page successfully Step 3: Requested Branch selected Successfully Step 4: Patient Name is verified Successfully Step 5: Patient Page Scroll is verified Successfully  </system-out>
</testsuite> <!-- testScripts.TestCase2 -->
