<?xml version="1.0" encoding="UTF-8"?>
<!-- Generated by org.testng.reporters.JUnitReportReporter -->
<testsuite hostname="CHE-CK8S8Y2" failures="0" tests="1" name="testScripts.TestCase4" time="27.738" errors="0" timestamp="2020-07-08T00:59:18 IST" skipped="0">
  <testcase classname="testScripts.TestCase4" name="verifyUpdatedPatientRecord" time="27.738"/>
  <system-out>
Step 1: Application is logged in successfully Step 2: Navigated to Care Page successfully Step 3: Care Reports page is selected Successfully Step 4: Report is downloaded successfully Step 5: Patient Record is verified for recent visits  </system-out>
</testsuite> <!-- testScripts.TestCase4 -->
