<?xml version="1.0" encoding="UTF-8"?>
<!-- Generated by org.testng.reporters.JUnitReportReporter -->
<testsuite hostname="CHE-CK8S8Y2" failures="0" tests="1" name="testScripts.TestCase1" time="15.709" errors="0" timestamp="2020-07-07T06:51:21 IST" skipped="0">
  <testcase classname="testScripts.TestCase1" name="verifyPatientRecord" time="15.709"/>
  <system-out>
Application is logged in successfully Navigated to Care Page successfully Branch is selected successfully Patient Name is verified Successfully  </system-out>
</testsuite> <!-- testScripts.TestCase1 -->
