<?xml version="1.0" encoding="UTF-8"?>
<!-- Generated by org.testng.reporters.JUnitReportReporter -->
<testsuite hostname="CHE-CK8S8Y2" failures="0" tests="1" name="testScripts.TestCase3" time="16.418" errors="0" timestamp="2020-07-06T01:49:54 IST" skipped="0">
  <testcase classname="testScripts.TestCase3" name="verifyRecommendationReason" time="16.418"/>
  <system-out/>
</testsuite> <!-- testScripts.TestCase3 -->
